nvcc: NVIDIA (R) Cuda compiler driver
Copyright (c) 2005-2023 NVIDIA Corporation
Built on Mon_Apr__3_17:16:06_PDT_2023
Cuda compilation tools, release 12.1, V12.1.105
Build cuda_12.1.r12.1/compiler.32688072_0
g++ (GCC) 12.3.0
Copyright (C) 2022 Free Software Foundation, Inc.
This is free software; see the source for copying conditions.  There is NO
warranty; not even for MERCHANTABILITY or FITNESS FOR A PARTICULAR PURPOSE.

## Available CUDA devices: 0,1
## Checking status of CUDA device with nvidia-smi
Fri Mar 21 14:40:12 2025       
+-----------------------------------------------------------------------------------------+
| NVIDIA-SMI 560.35.03              Driver Version: 560.35.03      CUDA Version: 12.6     |
|-----------------------------------------+------------------------+----------------------+
| GPU  Name                 Persistence-M | Bus-Id          Disp.A | Volatile Uncorr. ECC |
| Fan  Temp   Perf          Pwr:Usage/Cap |           Memory-Usage | GPU-Util  Compute M. |
|                                         |                        |               MIG M. |
|=========================================+========================+======================|
|   0  NVIDIA GeForce RTX 2080 Ti     On  |   00000000:62:00.0 Off |                  N/A |
| 29%   29C    P8             21W /  250W |       1MiB /  11264MiB |      0%      Default |
|                                         |                        |                  N/A |
+-----------------------------------------+------------------------+----------------------+
|   1  NVIDIA GeForce RTX 2080 Ti     On  |   00000000:B9:00.0 Off |                  N/A |
| 29%   29C    P8             20W /  250W |       1MiB /  11264MiB |      0%      Default |
|                                         |                        |                  N/A |
+-----------------------------------------+------------------------+----------------------+
                                                                                         
+-----------------------------------------------------------------------------------------+
| Processes:                                                                              |
|  GPU   GI   CI        PID   Type   Process name                              GPU Memory |
|        ID   ID                                                               Usage      |
|=========================================================================================|
|  No running processes found                                                             |
+-----------------------------------------------------------------------------------------+
Traceback (most recent call last):
Traceback (most recent call last):
  File "/home/s3705609/X-CLIP/main_xclip.py", line 13, in <module>
  File "/home/s3705609/X-CLIP/main_xclip.py", line 13, in <module>
    from modules.tokenization_clip import SimpleTokenizer as ClipTokenizer
  File "/home/s3705609/X-CLIP/modules/tokenization_clip.py", line 6, in <module>
    from modules.tokenization_clip import SimpleTokenizer as ClipTokenizer
  File "/home/s3705609/X-CLIP/modules/tokenization_clip.py", line 6, in <module>
    import ftfy
ModuleNotFoundError: No module named 'ftfy'
    import ftfy
ModuleNotFoundError: No module named 'ftfy'
[2025-03-21 14:40:41,510] torch.distributed.elastic.multiprocessing.api: [ERROR] failed (exitcode: 1) local_rank: 0 (pid: 2028627) of binary: /easybuild/software/Python/3.11.3-GCCcore-12.3.0/bin/python
Traceback (most recent call last):
  File "/easybuild/software/PyTorch/2.1.2-foss-2023a-CUDA-12.1.1/bin/torchrun", line 8, in <module>
    sys.exit(main())
             ^^^^^^
  File "/easybuild/software/PyTorch/2.1.2-foss-2023a-CUDA-12.1.1/lib/python3.11/site-packages/torch/distributed/elastic/multiprocessing/errors/__init__.py", line 346, in wrapper
    return f(*args, **kwargs)
           ^^^^^^^^^^^^^^^^^^
  File "/easybuild/software/PyTorch/2.1.2-foss-2023a-CUDA-12.1.1/lib/python3.11/site-packages/torch/distributed/run.py", line 806, in main
    run(args)
  File "/easybuild/software/PyTorch/2.1.2-foss-2023a-CUDA-12.1.1/lib/python3.11/site-packages/torch/distributed/run.py", line 797, in run
    elastic_launch(
  File "/easybuild/software/PyTorch/2.1.2-foss-2023a-CUDA-12.1.1/lib/python3.11/site-packages/torch/distributed/launcher/api.py", line 134, in __call__
    return launch_agent(self._config, self._entrypoint, list(args))
           ^^^^^^^^^^^^^^^^^^^^^^^^^^^^^^^^^^^^^^^^^^^^^^^^^^^^^^^^
  File "/easybuild/software/PyTorch/2.1.2-foss-2023a-CUDA-12.1.1/lib/python3.11/site-packages/torch/distributed/launcher/api.py", line 264, in launch_agent
    raise ChildFailedError(
torch.distributed.elastic.multiprocessing.errors.ChildFailedError: 
============================================================
main_xclip.py FAILED
------------------------------------------------------------
Failures:
[1]:
  time      : 2025-03-21_14:40:41
  host      : node852.cm.cluster
  rank      : 1 (local_rank: 1)
  exitcode  : 1 (pid: 2028628)
  error_file: <N/A>
  traceback : To enable traceback see: https://pytorch.org/docs/stable/elastic/errors.html
------------------------------------------------------------
Root Cause (first observed failure):
[0]:
  time      : 2025-03-21_14:40:41
  host      : node852.cm.cluster
  rank      : 0 (local_rank: 0)
  exitcode  : 1 (pid: 2028627)
  error_file: <N/A>
  traceback : To enable traceback see: https://pytorch.org/docs/stable/elastic/errors.html
============================================================
